<?xml version="1.0" encoding="UTF-8"?>
<!-- Generated by org.testng.reporters.JUnitReportReporter -->
<testsuite hostname="Gagan" failures="0" tests="1" name="com.ninza.hrm.api.employeetest.EmployeeTest" time="3.078" errors="0" timestamp="2024-07-01T17:32:39 IST" skipped="0">
  <testcase classname="com.ninza.hrm.api.employeetest.EmployeeTest" name="addEmployeeWithOutEmailTest" time="3.078"/>
  <system-out/>
</testsuite> <!-- com.ninza.hrm.api.employeetest.EmployeeTest -->
